# Values: magSf value snGrad
3.18841e-07 (0 0 0) (0 0 0)
3.41725e-07 (0 0 0) (0 0 0)
3.66252e-07 (0 0 0) (0 0 0)
3.92539e-07 (0 0 0) (0 0 0)
4.20713e-07 (0 0 0) (0 0 0)
4.50909e-07 (0 0 0) (0 0 0)
4.83272e-07 (0 0 0) (0 0 0)
5.17958e-07 (0 0 0) (0 0 0)
5.55134e-07 (0 0 0) (0 0 0)
5.94978e-07 (0 0 0) (0 0 0)
6.37681e-07 (0 0 0) (0 0 0)
5.74083e-07 (0 0 0) (0 0 0)
6.99816e-07 (0 0 0) (0 0 0)
8.53085e-07 (0 0 0) (0 0 0)
1.03992e-06 (0 0 0) (0 0 0)
1.26768e-06 (0 0 0) (0 0 0)
1.54532e-06 (0 0 0) (0 0 0)
1.88376e-06 (0 0 0) (0 0 0)
2.29633e-06 (0 0 0) (0 0 0)
1.68107e-06 (0 0 0) (0 0 0)
1.46346e-06 (0 0 0) (0 0 0)
1.27401e-06 (0 0 0) (0 0 0)
1.10909e-06 (0 0 0) (0 0 0)
9.65521e-07 (0 0 0) (0 0 0)
8.40535e-07 (0 0 0) (0 0 0)
7.31728e-07 (0 0 0) (0 0 0)
6.37007e-07 (0 0 0) (0 0 0)
5.54546e-07 (0 0 0) (0 0 0)
4.82761e-07 (0 0 0) (0 0 0)
4.20268e-07 (0 0 0) (0 0 0)
